<component name="libraryTable">
  <library name="junit">
    <CLASSES>
      <root url="jar://$APPLICATION_HOME_DIR$/lib/junit.jar!/" />
      <root url="jar://$APPLICATION_HOME_DIR$/lib/junit-4.11.jar!/" />
      <root url="file://$APPLICATION_HOME_DIR$/plugins/testng/lib" />
    </CLASSES>
    <JAVADOC />
    <SOURCES />
    <jarDirectory url="file://$APPLICATION_HOME_DIR$/plugins/testng/lib" recursive="false" />
  </library>
</component>